c:\users\paradox\source\repos\queuevisualinterface\queuevisualinterface\x64\debug\vc143.pdb
c:\users\paradox\source\repos\queuevisualinterface\queuevisualinterface\x64\debug\.netframework,version=v4.7.2.assemblyattributes.obj
c:\users\paradox\source\repos\queuevisualinterface\queuevisualinterface\x64\debug\mainform.obj
c:\users\paradox\source\repos\queuevisualinterface\queuevisualinterface\x64\debug\textboxfilters.obj
c:\users\paradox\source\repos\queuevisualinterface\x64\debug\queuevisualinterface.exe
c:\users\paradox\source\repos\queuevisualinterface\x64\debug\queuevisualinterface.pdb
c:\users\paradox\source\repos\queuevisualinterface\queuevisualinterface\x64\debug\queuevis.e0987a18.tlog\cl.command.1.tlog
c:\users\paradox\source\repos\queuevisualinterface\queuevisualinterface\x64\debug\queuevis.e0987a18.tlog\cl.items.tlog
c:\users\paradox\source\repos\queuevisualinterface\queuevisualinterface\x64\debug\queuevis.e0987a18.tlog\cl.read.1.tlog
c:\users\paradox\source\repos\queuevisualinterface\queuevisualinterface\x64\debug\queuevis.e0987a18.tlog\cl.write.1.tlog
c:\users\paradox\source\repos\queuevisualinterface\queuevisualinterface\x64\debug\queuevis.e0987a18.tlog\link.13076-cvtres.read.1.tlog
c:\users\paradox\source\repos\queuevisualinterface\queuevisualinterface\x64\debug\queuevis.e0987a18.tlog\link.13076-cvtres.write.1.tlog
c:\users\paradox\source\repos\queuevisualinterface\queuevisualinterface\x64\debug\queuevis.e0987a18.tlog\link.13076-rc.read.1.tlog
c:\users\paradox\source\repos\queuevisualinterface\queuevisualinterface\x64\debug\queuevis.e0987a18.tlog\link.13076-rc.write.1.tlog
c:\users\paradox\source\repos\queuevisualinterface\queuevisualinterface\x64\debug\queuevis.e0987a18.tlog\link.13076.read.1.tlog
c:\users\paradox\source\repos\queuevisualinterface\queuevisualinterface\x64\debug\queuevis.e0987a18.tlog\link.13076.read.2.tlog
c:\users\paradox\source\repos\queuevisualinterface\queuevisualinterface\x64\debug\queuevis.e0987a18.tlog\link.13076.write.1.tlog
c:\users\paradox\source\repos\queuevisualinterface\queuevisualinterface\x64\debug\queuevis.e0987a18.tlog\link.command.1.tlog
c:\users\paradox\source\repos\queuevisualinterface\queuevisualinterface\x64\debug\queuevis.e0987a18.tlog\link.read.1.tlog
c:\users\paradox\source\repos\queuevisualinterface\queuevisualinterface\x64\debug\queuevis.e0987a18.tlog\link.read.2.tlog
c:\users\paradox\source\repos\queuevisualinterface\queuevisualinterface\x64\debug\queuevis.e0987a18.tlog\link.write.1.tlog
c:\users\paradox\source\repos\queuevisualinterface\queuevisualinterface\x64\debug\queuevis.e0987a18.tlog\metagen.read.1.tlog
c:\users\paradox\source\repos\queuevisualinterface\queuevisualinterface\x64\debug\queuevis.e0987a18.tlog\metagen.write.1.tlog
